Traceback (most recent call last):
  File "C:\Python310\lib\site-packages\jupyter_cache\executors\utils.py", line 58, in single_nb_execution
    executenb(
  File "C:\Users\matth\AppData\Roaming\Python\Python310\site-packages\nbclient\client.py", line 1314, in execute
    return NotebookClient(nb=nb, resources=resources, km=km, **kwargs).execute()
  File "C:\Users\matth\AppData\Roaming\Python\Python310\site-packages\jupyter_core\utils\__init__.py", line 173, in wrapped
    return loop.run_until_complete(inner)
  File "C:\Python310\lib\asyncio\base_events.py", line 649, in run_until_complete
    return future.result()
  File "C:\Users\matth\AppData\Roaming\Python\Python310\site-packages\nbclient\client.py", line 709, in async_execute
    await self.async_execute_cell(
  File "C:\Users\matth\AppData\Roaming\Python\Python310\site-packages\nbclient\client.py", line 1062, in async_execute_cell
    await self._check_raise_for_error(cell, cell_index, exec_reply)
  File "C:\Users\matth\AppData\Roaming\Python\Python310\site-packages\nbclient\client.py", line 918, in _check_raise_for_error
    raise CellExecutionError.from_cell_and_msg(cell, exec_reply_content)
nbclient.exceptions.CellExecutionError: An error occurred while executing the following cell:
------------------
# Load image
image = cv2.imread('../../data/smiling_person.jpg')

# Converting RGB image to grayscale
gray = cv2.cvtColor(image, cv2.COLOR_BGR2GRAY)

# Show image
plt.imshow(image)
plt.show()
------------------


[1;31m---------------------------------------------------------------------------[0m
[1;31mAttributeError[0m                            Traceback (most recent call last)
Cell [1;32mIn[2], line 2[0m
[0;32m      1[0m [38;5;66;03m# Load image[39;00m
[1;32m----> 2[0m image [38;5;241m=[39m [43mcv2[49m[38;5;241;43m.[39;49m[43mimread[49m([38;5;124m'[39m[38;5;124m../../data/smiling_person.jpg[39m[38;5;124m'[39m)
[0;32m      4[0m [38;5;66;03m# Converting RGB image to grayscale[39;00m
[0;32m      5[0m gray [38;5;241m=[39m cv2[38;5;241m.[39mcvtColor(image, cv2[38;5;241m.[39mCOLOR_BGR2GRAY)

[1;31mAttributeError[0m: module 'cv2' has no attribute 'imread'

