Traceback (most recent call last):
  File "C:\Python310\lib\site-packages\jupyter_cache\executors\utils.py", line 58, in single_nb_execution
    executenb(
  File "C:\Users\matth\AppData\Roaming\Python\Python310\site-packages\nbclient\client.py", line 1314, in execute
    return NotebookClient(nb=nb, resources=resources, km=km, **kwargs).execute()
  File "C:\Users\matth\AppData\Roaming\Python\Python310\site-packages\jupyter_core\utils\__init__.py", line 173, in wrapped
    return loop.run_until_complete(inner)
  File "C:\Python310\lib\asyncio\base_events.py", line 649, in run_until_complete
    return future.result()
  File "C:\Users\matth\AppData\Roaming\Python\Python310\site-packages\nbclient\client.py", line 709, in async_execute
    await self.async_execute_cell(
  File "C:\Users\matth\AppData\Roaming\Python\Python310\site-packages\nbclient\client.py", line 1062, in async_execute_cell
    await self._check_raise_for_error(cell, cell_index, exec_reply)
  File "C:\Users\matth\AppData\Roaming\Python\Python310\site-packages\nbclient\client.py", line 918, in _check_raise_for_error
    raise CellExecutionError.from_cell_and_msg(cell, exec_reply_content)
nbclient.exceptions.CellExecutionError: An error occurred while executing the following cell:
------------------
# Imports
import os # Module to access Operating System
import cv2 # Module for computer vision algorithms
import numpy as np # Module for matrix operations and linear algebra
import pandas as pd # Module for dataset handling
from sklearn import svm # Module that implements a Support Vector Machine (Machine Learning algorithm)
import matplotlib.pyplot as plt # Module for plotting
from mpl_toolkits.mplot3d import Axes3D # Module for 3D plotting
from sklearn.preprocessing import LabelEncoder # Module to encode string labels
from utils import * # Module that imports decode and extract_color_bands functions
------------------


[1;31m---------------------------------------------------------------------------[0m
[1;31mModuleNotFoundError[0m                       Traceback (most recent call last)
Cell [1;32mIn[1], line 10[0m
[0;32m      8[0m [38;5;28;01mfrom[39;00m [38;5;21;01mmpl_toolkits[39;00m[38;5;21;01m.[39;00m[38;5;21;01mmplot3d[39;00m [38;5;28;01mimport[39;00m Axes3D [38;5;66;03m# Module for 3D plotting[39;00m
[0;32m      9[0m [38;5;28;01mfrom[39;00m [38;5;21;01msklearn[39;00m[38;5;21;01m.[39;00m[38;5;21;01mpreprocessing[39;00m [38;5;28;01mimport[39;00m LabelEncoder [38;5;66;03m# Module to encode string labels[39;00m
[1;32m---> 10[0m [38;5;28;01mfrom[39;00m [38;5;21;01mutils[39;00m [38;5;28;01mimport[39;00m [38;5;241m*[39m [38;5;66;03m# Module that imports decode and extract_color_bands functions[39;00m

[1;31mModuleNotFoundError[0m: No module named 'utils'

