Traceback (most recent call last):
  File "C:\Python310\lib\site-packages\jupyter_cache\executors\utils.py", line 58, in single_nb_execution
    executenb(
  File "C:\Users\matth\AppData\Roaming\Python\Python310\site-packages\nbclient\client.py", line 1314, in execute
    return NotebookClient(nb=nb, resources=resources, km=km, **kwargs).execute()
  File "C:\Users\matth\AppData\Roaming\Python\Python310\site-packages\jupyter_core\utils\__init__.py", line 173, in wrapped
    return loop.run_until_complete(inner)
  File "C:\Python310\lib\asyncio\base_events.py", line 649, in run_until_complete
    return future.result()
  File "C:\Users\matth\AppData\Roaming\Python\Python310\site-packages\nbclient\client.py", line 709, in async_execute
    await self.async_execute_cell(
  File "C:\Users\matth\AppData\Roaming\Python\Python310\site-packages\nbclient\client.py", line 1062, in async_execute_cell
    await self._check_raise_for_error(cell, cell_index, exec_reply)
  File "C:\Users\matth\AppData\Roaming\Python\Python310\site-packages\nbclient\client.py", line 918, in _check_raise_for_error
    raise CellExecutionError.from_cell_and_msg(cell, exec_reply_content)
nbclient.exceptions.CellExecutionError: An error occurred while executing the following cell:
------------------
# Imports
%load_ext tensorboard
import tensorflow as tf
import datetime
import os # Module to access Operating System
import cv2 # Module for coputer vision
import keras # Module for deep learning
!pip -q install keras-cv > /dev/null
import keras_cv # Keras module for object detection
os.environ["KERAS_BACKEND"] = "torch"  # @param ["tensorflow", "jax", "torch"]
from keras_cv import bounding_box
from keras_cv import visualization
import tensorflow as tf
------------------

----- stderr -----
The system cannot find the path specified.
------------------

[1;31m---------------------------------------------------------------------------[0m
[1;31mRuntimeError[0m                              Traceback (most recent call last)
Cell [1;32mIn[1], line 9[0m
[0;32m      7[0m [38;5;28;01mimport[39;00m [38;5;21;01mkeras[39;00m [38;5;66;03m# Module for deep learning[39;00m
[0;32m      8[0m get_ipython()[38;5;241m.[39msystem([38;5;124m'[39m[38;5;124mpip -q install keras-cv > /dev/null[39m[38;5;124m'[39m)
[1;32m----> 9[0m [38;5;28;01mimport[39;00m [38;5;21;01mkeras_cv[39;00m [38;5;66;03m# Keras module for object detection[39;00m
[0;32m     10[0m os[38;5;241m.[39menviron[[38;5;124m"[39m[38;5;124mKERAS_BACKEND[39m[38;5;124m"[39m] [38;5;241m=[39m [38;5;124m"[39m[38;5;124mtorch[39m[38;5;124m"[39m  [38;5;66;03m# @param ["tensorflow", "jax", "torch"][39;00m
[0;32m     11[0m [38;5;28;01mfrom[39;00m [38;5;21;01mkeras_cv[39;00m [38;5;28;01mimport[39;00m bounding_box

File [1;32mC:\Python310\lib\site-packages\keras_cv\__init__.py:8[0m
[0;32m      1[0m [38;5;124;03m"""DO NOT EDIT.[39;00m
[0;32m      2[0m 
[0;32m      3[0m [38;5;124;03mThis file was autogenerated. Do not edit it by hand,[39;00m
[0;32m      4[0m [38;5;124;03msince your modifications would be overwritten.[39;00m
[0;32m      5[0m [38;5;124;03m"""[39;00m
[1;32m----> 8[0m [38;5;28;01mfrom[39;00m [38;5;21;01mkeras_cv[39;00m [38;5;28;01mimport[39;00m bounding_box
[0;32m      9[0m [38;5;28;01mfrom[39;00m [38;5;21;01mkeras_cv[39;00m [38;5;28;01mimport[39;00m callbacks
[0;32m     10[0m [38;5;28;01mfrom[39;00m [38;5;21;01mkeras_cv[39;00m [38;5;28;01mimport[39;00m core

File [1;32mC:\Python310\lib\site-packages\keras_cv\bounding_box\__init__.py:8[0m
[0;32m      1[0m [38;5;124;03m"""DO NOT EDIT.[39;00m
[0;32m      2[0m 
[0;32m      3[0m [38;5;124;03mThis file was autogenerated. Do not edit it by hand,[39;00m
[0;32m      4[0m [38;5;124;03msince your modifications would be overwritten.[39;00m
[0;32m      5[0m [38;5;124;03m"""[39;00m
[1;32m----> 8[0m [38;5;28;01mfrom[39;00m [38;5;21;01mkeras_cv[39;00m[38;5;21;01m.[39;00m[38;5;21;01msrc[39;00m[38;5;21;01m.[39;00m[38;5;21;01mbounding_box[39;00m[38;5;21;01m.[39;00m[38;5;21;01mconverters[39;00m [38;5;28;01mimport[39;00m convert_format
[0;32m      9[0m [38;5;28;01mfrom[39;00m [38;5;21;01mkeras_cv[39;00m[38;5;21;01m.[39;00m[38;5;21;01msrc[39;00m[38;5;21;01m.[39;00m[38;5;21;01mbounding_box[39;00m[38;5;21;01m.[39;00m[38;5;21;01mensure_tensor[39;00m [38;5;28;01mimport[39;00m ensure_tensor
[0;32m     10[0m [38;5;28;01mfrom[39;00m [38;5;21;01mkeras_cv[39;00m[38;5;21;01m.[39;00m[38;5;21;01msrc[39;00m[38;5;21;01m.[39;00m[38;5;21;01mbounding_box[39;00m[38;5;21;01m.[39;00m[38;5;21;01mformats[39;00m [38;5;28;01mimport[39;00m CENTER_XYWH

File [1;32mC:\Python310\lib\site-packages\keras_cv\src\__init__.py:27[0m
[0;32m     24[0m [38;5;66;03m# isort:off[39;00m
[0;32m     25[0m [38;5;28;01mfrom[39;00m [38;5;21;01mkeras_cv[39;00m[38;5;21;01m.[39;00m[38;5;21;01msrc[39;00m [38;5;28;01mimport[39;00m version_check
[1;32m---> 27[0m [43mversion_check[49m[38;5;241;43m.[39;49m[43mcheck_tf_version[49m[43m([49m[43m)[49m
[0;32m     28[0m [38;5;66;03m# isort:on[39;00m
[0;32m     30[0m [38;5;28;01mfrom[39;00m [38;5;21;01mkeras_cv[39;00m[38;5;21;01m.[39;00m[38;5;21;01msrc[39;00m [38;5;28;01mimport[39;00m bounding_box

File [1;32mC:\Python310\lib\site-packages\keras_cv\src\version_check.py:34[0m, in [0;36mcheck_tf_version[1;34m()[0m
[0;32m     32[0m [38;5;28;01mdef[39;00m [38;5;21mcheck_tf_version[39m():
[0;32m     33[0m     [38;5;28;01mif[39;00m parse(tf[38;5;241m.[39m__version__) [38;5;241m<[39m parse(MIN_VERSION):
[1;32m---> 34[0m         [38;5;28;01mraise[39;00m [38;5;167;01mRuntimeError[39;00m(
[0;32m     35[0m             [38;5;124m"[39m[38;5;124mThe Tensorflow package version needs to be at least [39m[38;5;124m"[39m
[0;32m     36[0m             [38;5;124mf[39m[38;5;124m"[39m[38;5;132;01m{[39;00mMIN_VERSION[38;5;132;01m}[39;00m[38;5;124m for KerasCV to run. Currently, your TensorFlow [39m[38;5;124m"[39m
[0;32m     37[0m             [38;5;124mf[39m[38;5;124m"[39m[38;5;124mversion is [39m[38;5;132;01m{[39;00mtf[38;5;241m.[39m__version__[38;5;132;01m}[39;00m[38;5;124m. Please upgrade with `$ pip install [39m[38;5;124m"[39m
[0;32m     38[0m             [38;5;124m"[39m[38;5;124m--upgrade tensorflow`. You can use `pip freeze` to check [39m[38;5;124m"[39m
[0;32m     39[0m             [38;5;124m"[39m[38;5;124mafterwards that everything is ok.[39m[38;5;124m"[39m
[0;32m     40[0m         )

[1;31mRuntimeError[0m: The Tensorflow package version needs to be at least 2.11.0 for KerasCV to run. Currently, your TensorFlow version is 2.9.0. Please upgrade with `$ pip install --upgrade tensorflow`. You can use `pip freeze` to check afterwards that everything is ok.

