Traceback (most recent call last):
  File "c:\python39\lib\site-packages\jupyter_cache\executors\utils.py", line 58, in single_nb_execution
    executenb(
  File "c:\python39\lib\site-packages\nbclient\client.py", line 1305, in execute
    return NotebookClient(nb=nb, resources=resources, km=km, **kwargs).execute()
  File "C:\Users\matth\AppData\Roaming\Python\Python39\site-packages\jupyter_core\utils\__init__.py", line 166, in wrapped
    return loop.run_until_complete(inner)
  File "c:\python39\lib\asyncio\base_events.py", line 642, in run_until_complete
    return future.result()
  File "c:\python39\lib\site-packages\nbclient\client.py", line 705, in async_execute
    await self.async_execute_cell(
  File "c:\python39\lib\site-packages\nbclient\client.py", line 1058, in async_execute_cell
    await self._check_raise_for_error(cell, cell_index, exec_reply)
  File "c:\python39\lib\site-packages\nbclient\client.py", line 914, in _check_raise_for_error
    raise CellExecutionError.from_cell_and_msg(cell, exec_reply_content)
nbclient.exceptions.CellExecutionError: An error occurred while executing the following cell:
------------------
# Load image in BGR-space (OpenCV loads images in BGR-space by default)
image = cv2.imread("../../data/colorspaces.png")
print(np.shape(image))
plt.imshow(image)
plt.show()
------------------

----- stdout -----
()
------------------

[1;31m---------------------------------------------------------------------------[0m
[1;31mTypeError[0m                                 Traceback (most recent call last)
Cell [1;32mIn[3], line 4[0m
[0;32m      2[0m image [38;5;241m=[39m cv2[38;5;241m.[39mimread([38;5;124m"[39m[38;5;124m../../data/colorspaces.png[39m[38;5;124m"[39m)
[0;32m      3[0m [38;5;28mprint[39m(np[38;5;241m.[39mshape(image))
[1;32m----> 4[0m [43mplt[49m[38;5;241;43m.[39;49m[43mimshow[49m[43m([49m[43mimage[49m[43m)[49m
[0;32m      5[0m plt[38;5;241m.[39mshow()

File [1;32mc:\python39\lib\site-packages\matplotlib\_api\deprecation.py:454[0m, in [0;36mmake_keyword_only.<locals>.wrapper[1;34m(*args, **kwargs)[0m
[0;32m    448[0m [38;5;28;01mif[39;00m [38;5;28mlen[39m(args) [38;5;241m>[39m name_idx:
[0;32m    449[0m     warn_deprecated(
[0;32m    450[0m         since, message[38;5;241m=[39m[38;5;124m"[39m[38;5;124mPassing the [39m[38;5;132;01m%(name)s[39;00m[38;5;124m [39m[38;5;132;01m%(obj_type)s[39;00m[38;5;124m [39m[38;5;124m"[39m
[0;32m    451[0m         [38;5;124m"[39m[38;5;124mpositionally is deprecated since Matplotlib [39m[38;5;132;01m%(since)s[39;00m[38;5;124m; the [39m[38;5;124m"[39m
[0;32m    452[0m         [38;5;124m"[39m[38;5;124mparameter will become keyword-only [39m[38;5;132;01m%(removal)s[39;00m[38;5;124m.[39m[38;5;124m"[39m,
[0;32m    453[0m         name[38;5;241m=[39mname, obj_type[38;5;241m=[39m[38;5;124mf[39m[38;5;124m"[39m[38;5;124mparameter of [39m[38;5;132;01m{[39;00mfunc[38;5;241m.[39m[38;5;18m__name__[39m[38;5;132;01m}[39;00m[38;5;124m()[39m[38;5;124m"[39m)
[1;32m--> 454[0m [38;5;28;01mreturn[39;00m func([38;5;241m*[39margs, [38;5;241m*[39m[38;5;241m*[39mkwargs)

File [1;32mc:\python39\lib\site-packages\matplotlib\pyplot.py:2631[0m, in [0;36mimshow[1;34m(X, cmap, norm, aspect, interpolation, alpha, vmin, vmax, origin, extent, interpolation_stage, filternorm, filterrad, resample, url, data, **kwargs)[0m
[0;32m   2625[0m [38;5;129m@_copy_docstring_and_deprecators[39m(Axes[38;5;241m.[39mimshow)
[0;32m   2626[0m [38;5;28;01mdef[39;00m [38;5;21mimshow[39m(
[0;32m   2627[0m         X, cmap[38;5;241m=[39m[38;5;28;01mNone[39;00m, norm[38;5;241m=[39m[38;5;28;01mNone[39;00m, aspect[38;5;241m=[39m[38;5;28;01mNone[39;00m, interpolation[38;5;241m=[39m[38;5;28;01mNone[39;00m,
[0;32m   2628[0m         alpha[38;5;241m=[39m[38;5;28;01mNone[39;00m, vmin[38;5;241m=[39m[38;5;28;01mNone[39;00m, vmax[38;5;241m=[39m[38;5;28;01mNone[39;00m, origin[38;5;241m=[39m[38;5;28;01mNone[39;00m, extent[38;5;241m=[39m[38;5;28;01mNone[39;00m, [38;5;241m*[39m,
[0;32m   2629[0m         interpolation_stage[38;5;241m=[39m[38;5;28;01mNone[39;00m, filternorm[38;5;241m=[39m[38;5;28;01mTrue[39;00m, filterrad[38;5;241m=[39m[38;5;241m4.0[39m,
[0;32m   2630[0m         resample[38;5;241m=[39m[38;5;28;01mNone[39;00m, url[38;5;241m=[39m[38;5;28;01mNone[39;00m, data[38;5;241m=[39m[38;5;28;01mNone[39;00m, [38;5;241m*[39m[38;5;241m*[39mkwargs):
[1;32m-> 2631[0m     __ret [38;5;241m=[39m gca()[38;5;241m.[39mimshow(
[0;32m   2632[0m         X, cmap[38;5;241m=[39mcmap, norm[38;5;241m=[39mnorm, aspect[38;5;241m=[39maspect,
[0;32m   2633[0m         interpolation[38;5;241m=[39minterpolation, alpha[38;5;241m=[39malpha, vmin[38;5;241m=[39mvmin,
[0;32m   2634[0m         vmax[38;5;241m=[39mvmax, origin[38;5;241m=[39morigin, extent[38;5;241m=[39mextent,
[0;32m   2635[0m         interpolation_stage[38;5;241m=[39minterpolation_stage,
[0;32m   2636[0m         filternorm[38;5;241m=[39mfilternorm, filterrad[38;5;241m=[39mfilterrad, resample[38;5;241m=[39mresample,
[0;32m   2637[0m         url[38;5;241m=[39murl, [38;5;241m*[39m[38;5;241m*[39m({[38;5;124m"[39m[38;5;124mdata[39m[38;5;124m"[39m: data} [38;5;28;01mif[39;00m data [38;5;129;01mis[39;00m [38;5;129;01mnot[39;00m [38;5;28;01mNone[39;00m [38;5;28;01melse[39;00m {}),
[0;32m   2638[0m         [38;5;241m*[39m[38;5;241m*[39mkwargs)
[0;32m   2639[0m     sci(__ret)
[0;32m   2640[0m     [38;5;28;01mreturn[39;00m __ret

File [1;32mc:\python39\lib\site-packages\matplotlib\_api\deprecation.py:454[0m, in [0;36mmake_keyword_only.<locals>.wrapper[1;34m(*args, **kwargs)[0m
[0;32m    448[0m [38;5;28;01mif[39;00m [38;5;28mlen[39m(args) [38;5;241m>[39m name_idx:
[0;32m    449[0m     warn_deprecated(
[0;32m    450[0m         since, message[38;5;241m=[39m[38;5;124m"[39m[38;5;124mPassing the [39m[38;5;132;01m%(name)s[39;00m[38;5;124m [39m[38;5;132;01m%(obj_type)s[39;00m[38;5;124m [39m[38;5;124m"[39m
[0;32m    451[0m         [38;5;124m"[39m[38;5;124mpositionally is deprecated since Matplotlib [39m[38;5;132;01m%(since)s[39;00m[38;5;124m; the [39m[38;5;124m"[39m
[0;32m    452[0m         [38;5;124m"[39m[38;5;124mparameter will become keyword-only [39m[38;5;132;01m%(removal)s[39;00m[38;5;124m.[39m[38;5;124m"[39m,
[0;32m    453[0m         name[38;5;241m=[39mname, obj_type[38;5;241m=[39m[38;5;124mf[39m[38;5;124m"[39m[38;5;124mparameter of [39m[38;5;132;01m{[39;00mfunc[38;5;241m.[39m[38;5;18m__name__[39m[38;5;132;01m}[39;00m[38;5;124m()[39m[38;5;124m"[39m)
[1;32m--> 454[0m [38;5;28;01mreturn[39;00m func([38;5;241m*[39margs, [38;5;241m*[39m[38;5;241m*[39mkwargs)

File [1;32mc:\python39\lib\site-packages\matplotlib\__init__.py:1433[0m, in [0;36m_preprocess_data.<locals>.inner[1;34m(ax, data, *args, **kwargs)[0m
[0;32m   1430[0m [38;5;129m@functools[39m[38;5;241m.[39mwraps(func)
[0;32m   1431[0m [38;5;28;01mdef[39;00m [38;5;21minner[39m(ax, [38;5;241m*[39margs, data[38;5;241m=[39m[38;5;28;01mNone[39;00m, [38;5;241m*[39m[38;5;241m*[39mkwargs):
[0;32m   1432[0m     [38;5;28;01mif[39;00m data [38;5;129;01mis[39;00m [38;5;28;01mNone[39;00m:
[1;32m-> 1433[0m         [38;5;28;01mreturn[39;00m func(ax, [38;5;241m*[39m[38;5;28mmap[39m(sanitize_sequence, args), [38;5;241m*[39m[38;5;241m*[39mkwargs)
[0;32m   1435[0m     bound [38;5;241m=[39m new_sig[38;5;241m.[39mbind(ax, [38;5;241m*[39margs, [38;5;241m*[39m[38;5;241m*[39mkwargs)
[0;32m   1436[0m     auto_label [38;5;241m=[39m (bound[38;5;241m.[39marguments[38;5;241m.[39mget(label_namer)
[0;32m   1437[0m                   [38;5;129;01mor[39;00m bound[38;5;241m.[39mkwargs[38;5;241m.[39mget(label_namer))

File [1;32mc:\python39\lib\site-packages\matplotlib\axes\_axes.py:5610[0m, in [0;36mAxes.imshow[1;34m(self, X, cmap, norm, aspect, interpolation, alpha, vmin, vmax, origin, extent, interpolation_stage, filternorm, filterrad, resample, url, **kwargs)[0m
[0;32m   5602[0m [38;5;28mself[39m[38;5;241m.[39mset_aspect(aspect)
[0;32m   5603[0m im [38;5;241m=[39m mimage[38;5;241m.[39mAxesImage([38;5;28mself[39m, cmap[38;5;241m=[39mcmap, norm[38;5;241m=[39mnorm,
[0;32m   5604[0m                       interpolation[38;5;241m=[39minterpolation, origin[38;5;241m=[39morigin,
[0;32m   5605[0m                       extent[38;5;241m=[39mextent, filternorm[38;5;241m=[39mfilternorm,
[0;32m   5606[0m                       filterrad[38;5;241m=[39mfilterrad, resample[38;5;241m=[39mresample,
[0;32m   5607[0m                       interpolation_stage[38;5;241m=[39minterpolation_stage,
[0;32m   5608[0m                       [38;5;241m*[39m[38;5;241m*[39mkwargs)
[1;32m-> 5610[0m [43mim[49m[38;5;241;43m.[39;49m[43mset_data[49m[43m([49m[43mX[49m[43m)[49m
[0;32m   5611[0m im[38;5;241m.[39mset_alpha(alpha)
[0;32m   5612[0m [38;5;28;01mif[39;00m im[38;5;241m.[39mget_clip_path() [38;5;129;01mis[39;00m [38;5;28;01mNone[39;00m:
[0;32m   5613[0m     [38;5;66;03m# image does not already have clipping set, clip to axes patch[39;00m

File [1;32mc:\python39\lib\site-packages\matplotlib\image.py:701[0m, in [0;36m_ImageBase.set_data[1;34m(self, A)[0m
[0;32m    697[0m [38;5;28mself[39m[38;5;241m.[39m_A [38;5;241m=[39m cbook[38;5;241m.[39msafe_masked_invalid(A, copy[38;5;241m=[39m[38;5;28;01mTrue[39;00m)
[0;32m    699[0m [38;5;28;01mif[39;00m ([38;5;28mself[39m[38;5;241m.[39m_A[38;5;241m.[39mdtype [38;5;241m!=[39m np[38;5;241m.[39muint8 [38;5;129;01mand[39;00m
[0;32m    700[0m         [38;5;129;01mnot[39;00m np[38;5;241m.[39mcan_cast([38;5;28mself[39m[38;5;241m.[39m_A[38;5;241m.[39mdtype, [38;5;28mfloat[39m, [38;5;124m"[39m[38;5;124msame_kind[39m[38;5;124m"[39m)):
[1;32m--> 701[0m     [38;5;28;01mraise[39;00m [38;5;167;01mTypeError[39;00m([38;5;124m"[39m[38;5;124mImage data of dtype [39m[38;5;132;01m{}[39;00m[38;5;124m cannot be converted to [39m[38;5;124m"[39m
[0;32m    702[0m                     [38;5;124m"[39m[38;5;124mfloat[39m[38;5;124m"[39m[38;5;241m.[39mformat([38;5;28mself[39m[38;5;241m.[39m_A[38;5;241m.[39mdtype))
[0;32m    704[0m [38;5;28;01mif[39;00m [38;5;28mself[39m[38;5;241m.[39m_A[38;5;241m.[39mndim [38;5;241m==[39m [38;5;241m3[39m [38;5;129;01mand[39;00m [38;5;28mself[39m[38;5;241m.[39m_A[38;5;241m.[39mshape[[38;5;241m-[39m[38;5;241m1[39m] [38;5;241m==[39m [38;5;241m1[39m:
[0;32m    705[0m     [38;5;66;03m# If just one dimension assume scalar and apply colormap[39;00m
[0;32m    706[0m     [38;5;28mself[39m[38;5;241m.[39m_A [38;5;241m=[39m [38;5;28mself[39m[38;5;241m.[39m_A[:, :, [38;5;241m0[39m]

[1;31mTypeError[0m: Image data of dtype object cannot be converted to float

