Traceback (most recent call last):
  File "c:\python39\lib\site-packages\jupyter_cache\executors\utils.py", line 58, in single_nb_execution
    executenb(
  File "c:\python39\lib\site-packages\nbclient\client.py", line 1305, in execute
    return NotebookClient(nb=nb, resources=resources, km=km, **kwargs).execute()
  File "C:\Users\matth\AppData\Roaming\Python\Python39\site-packages\jupyter_core\utils\__init__.py", line 166, in wrapped
    return loop.run_until_complete(inner)
  File "c:\python39\lib\asyncio\base_events.py", line 642, in run_until_complete
    return future.result()
  File "c:\python39\lib\site-packages\nbclient\client.py", line 705, in async_execute
    await self.async_execute_cell(
  File "c:\python39\lib\site-packages\nbclient\client.py", line 1058, in async_execute_cell
    await self._check_raise_for_error(cell, cell_index, exec_reply)
  File "c:\python39\lib\site-packages\nbclient\client.py", line 914, in _check_raise_for_error
    raise CellExecutionError.from_cell_and_msg(cell, exec_reply_content)
nbclient.exceptions.CellExecutionError: An error occurred while executing the following cell:
------------------
## Template matching
# Load the source image and the template
img = cv2.imread('../../data/mario.jpg')
img_gray = cv2.cvtColor(img, cv2.COLOR_BGR2GRAY)
template = cv2.imread('../../data/mario_coin.jpg', 0)
w, h = template.shape[::-1]
source = img.copy()

# Template matching 
res = cv2.matchTemplate(img_gray,template,cv2.TM_CCOEFF_NORMED)
threshold = 0.8
loc = np.where( res >= threshold)
for pt in zip(*loc[::-1]):
  cv2.rectangle(img, pt, (pt[0] + w, pt[1] + h), (0,0,255), 2)

plt.imshow(cv2.cvtColor(source, cv2.COLOR_BGR2RGB))
plt.show()
plt.imshow(cv2.cvtColor(img, cv2.COLOR_BGR2RGB))
plt.show()
------------------


[1;31m---------------------------------------------------------------------------[0m
[1;31mNameError[0m                                 Traceback (most recent call last)
Cell [1;32mIn[1], line 3[0m
[0;32m      1[0m [38;5;66;03m## Template matching[39;00m
[0;32m      2[0m [38;5;66;03m# Load the source image and the template[39;00m
[1;32m----> 3[0m img [38;5;241m=[39m [43mcv2[49m[38;5;241m.[39mimread([38;5;124m'[39m[38;5;124m../../data/mario.jpg[39m[38;5;124m'[39m)
[0;32m      4[0m img_gray [38;5;241m=[39m cv2[38;5;241m.[39mcvtColor(img, cv2[38;5;241m.[39mCOLOR_BGR2GRAY)
[0;32m      5[0m template [38;5;241m=[39m cv2[38;5;241m.[39mimread([38;5;124m'[39m[38;5;124m../../data/mario_coin.jpg[39m[38;5;124m'[39m, [38;5;241m0[39m)

[1;31mNameError[0m: name 'cv2' is not defined

